<?xml version="1.0" encoding="UTF-8"?>
<!-- Generated by org.testng.reporters.JUnitReportReporter -->
<testsuite skipped="0" hostname="DESKTOP-PR07NF6" name="SikuliWork.LoginGmail" tests="1" failures="0" timestamp="14 Dec 2017 01:28:17 GMT" time="14.607" errors="0">
  <testcase name="login" time="14.607" classname="SikuliWork.LoginGmail"/>
</testsuite> <!-- SikuliWork.LoginGmail -->
